<!DOCTYPE html>
<html lang="zh-cn">
  <head>
    <meta charset="utf-8">
    <meta http-equiv="X-UA-Compatible" content="IE=edge">
    <meta name="viewport" content="width=device-width, initial-scale=1">
    <meta http-equiv="Content-Type" content="text/html; charset=UTF-8"/>
    <title>学生端app UI自动化测试</title>
    <meta name="generator" content="BSTestRunner 0.8.4"/>
    <link rel="stylesheet" href="http://cdn.bootcss.com/bootstrap/3.3.0/css/bootstrap.min.css">
    
<style type="text/css" media="screen">

/* -- css div popup ------------------------------------------------------------------------ */
.popup_window {
    display: none;
    position: relative;
    left: 0px;
    top: 0px;
    /*border: solid #627173 1px; */
    padding: 10px;
    background-color: #99CCFF;
    font-family: "Lucida Console", "Courier New", Courier, monospace;
    text-align: left;
    font-size: 10pt;
    width: 1200px;
}

/* -- report ------------------------------------------------------------------------ */

#show_detail_line .label {
    font-size: 85%;
    cursor: pointer;
}

#show_detail_line {
    margin: 2em auto 1em auto;
}

#total_row  { font-weight: bold; }
.hiddenRow  { display: none; }
.testcase   { margin-left: 2em; }

</style>


    <!-- HTML5 shim and Respond.js for IE8 support of HTML5 elements and media queries -->
    <!-- WARNING: Respond.js doesn't work if you view the page via file:// -->
    <!--[if lt IE 9]>
      <script src="http://cdn.bootcss.com/html5shiv/3.7.2/html5shiv.min.js"></script>
      <script src="http://cdn.bootcss.com/respond.js/1.4.2/respond.min.js"></script>
    <![endif]-->
  </head>
<body>
<script language="javascript" type="text/javascript"><!--
output_list = Array();

/* level - 0:Summary; 1:Failed; 2:All */
function showCase(level) {
    trs = document.getElementsByTagName("tr");
    for (var i = 0; i < trs.length; i++) {
        tr = trs[i];
        id = tr.id;
        if (id.substr(0,2) == 'ft') {
            if (level < 1) {
                tr.className = 'hiddenRow';
            }
            else {
                tr.className = '';
            }
        }
        if (id.substr(0,2) == 'pt') {
            if (level > 1) {
                tr.className = '';
            }
            else {
                tr.className = 'hiddenRow';
            }
        }
    }
}


function showClassDetail(cid, count) {
    var id_list = Array(count);
    var toHide = 1;
    for (var i = 0; i < count; i++) {
        tid0 = 't' + cid.substr(1) + '.' + (i+1);
        tid = 'f' + tid0;
        tr = document.getElementById(tid);
        if (!tr) {
            tid = 'p' + tid0;
            tr = document.getElementById(tid);
        }
        id_list[i] = tid;
        if (tr.className) {
            toHide = 0;
        }
    }
    for (var i = 0; i < count; i++) {
        tid = id_list[i];
        if (toHide) {
            document.getElementById('div_'+tid).style.display = 'none'
            document.getElementById(tid).className = 'hiddenRow';
        }
        else {
            document.getElementById(tid).className = '';
        }
    }
}


function showTestDetail(div_id){
    var details_div = document.getElementById(div_id)
    var displayState = details_div.style.display
    // alert(displayState)
    if (displayState != 'block' ) {
        displayState = 'block'
        details_div.style.display = 'block'
    }
    else {
        details_div.style.display = 'none'
    }
}


function html_escape(s) {
    s = s.replace(/&/g,'&amp;');
    s = s.replace(/</g,'&lt;');
    s = s.replace(/>/g,'&gt;');
    return s;
}

/* obsoleted by detail in <div>
function showOutput(id, name) {
    var w = window.open("", //url
                    name,
                    "resizable,scrollbars,status,width=800,height=450");
    d = w.document;
    d.write("<pre>");
    d.write(html_escape(output_list[id]));
    d.write("\n");
    d.write("<a href='javascript:window.close()'>close</a>\n");
    d.write("</pre>\n");
    d.close();
}
*/
--></script>

<div class="container">
    <div class='heading'>
<h1>学生端app UI自动化测试</h1>
<p><strong>Start Time:</strong> 2018-09-21 16:38:44</p>
<p><strong>Duration:</strong> 0:03:03.742332</p>
<p><strong>Status:</strong> <span class="text text-warning">Error <strong>5</strong></span></p>

<p class='description'>自动化测试结果</p>
</div>


    
<p id='show_detail_line'>
<span class="label label-primary" onclick="showCase(0)">Summary</span>
<span class="label label-danger" onclick="showCase(1)">Failed</span>
<span class="label label-default" onclick="showCase(2)">All</span>
</p>
<table id='result_table' class="table">
    <thead>
        <tr id='header_row'>
            <th>Test Group/Test case</td>
            <th>Count</td>
            <th>Pass</td>
            <th>Fail</td>
            <th>Error</td>
            <th>View</td>
        </tr>
    </thead>
    <tbody>
        
<tr class='text text-warning'>
    <td>testcase.regcasetest.regtest</td>
    <td>5</td>
    <td>0</td>
    <td>0</td>
    <td>5</td>
    <td><a class="btn btn-xs btn-primary"href="javascript:showClassDetail('c1',5)">Detail</a></td>
</tr>

<tr id='ft1.1' class='none'>
    <td class='text text-warning'><div class='testcase'>testreg_1: reg测试</div></td>
    <td colspan='5' align='center'>

    <!--css div popup start-->
    <a class="popup_link btn btn-xs btn-default" onfocus='this.blur();' href="javascript:showTestDetail('div_ft1.1')" >
        error</a>

    <div id='div_ft1.1' class="popup_window">
        <div style='text-align: right;cursor:pointer'>
        <a onfocus='this.blur();' onclick="document.getElementById('div_ft1.1').style.display = 'none' " >
           [x]</a>
        </div>
        <pre>
        
ft1.1: [2018-09-21 16:38:44.242842] INFO: appium: 当前模块 开始从配置文件中获取测试相关的配置
[2018-09-21 16:38:44.242842] INFO: appium: 全部kwargs参数信息 , {}
[2018-09-21 16:39:30.334195] INFO: appium: reg测试用例开始执行
[2018-09-21 16:39:30.334695] INFO: appium: 当前模块 注册测试
[2018-09-21 16:39:30.334695] INFO: appium: 全部kwargs参数信息 , {'deriver': &lt;appium.webdriver.webdriver.WebDriver (session="1d81929c-4ac2-400a-8ecc-4faf249857ff")&gt;}
[2018-09-21 16:39:30.335195] INFO: appium: 当前模块 解析测试步骤
[2018-09-21 16:39:30.335195] INFO: appium: 全部kwargs参数信息 , {'path': 'C:\\Users\\Administrator\\Desktop\\xuesheng\\appium-python3\\data\\dingwei\\reg.yaml'}
[2018-09-21 16:39:30.335195] INFO: appium: 当前模块 解析yaml文件
[2018-09-21 16:39:30.335695] INFO: appium: 全部kwargs参数信息 , {'path': 'C:\\Users\\Administrator\\Desktop\\xuesheng\\appium-python3\\data\\dingwei\\reg.yaml'}
[2018-09-21 16:39:30.346196] INFO: appium: 测试用例执行完毕，测试环境正在还原！
Traceback (most recent call last):
  File "C:\Users\Administrator\AppData\Roaming\Python\Python36\site-packages\ddt.py", line 139, in wrapper
    return func(self, *args, **kwargs)
  File "C:\Users\Administrator\Desktop\xuesheng\appium-python3\testcase\regcasetest.py", line 37, in testreg
    self.assertuen=regfun.reg(**data_test)
  File "C:\Users\Administrator\Desktop\xuesheng\appium-python3\funtions\regpub.py", line 23, in reg
    f=self.open.exce_case(**kwargs)
  File "C:\Users\Administrator\Desktop\xuesheng\appium-python3\excetfuntion\exectfuntion.py", line 23, in exce_case
    f[int(data[i]['index'])].click()
TypeError: 'WebDriverException' object does not support indexing


        </pre>
    </div>
    <!--css div popup end-->

    </td>
</tr>

<tr id='ft1.2' class='none'>
    <td class='text text-warning'><div class='testcase'>testreg_1: reg测试</div></td>
    <td colspan='5' align='center'>

    <!--css div popup start-->
    <a class="popup_link btn btn-xs btn-default" onfocus='this.blur();' href="javascript:showTestDetail('div_ft1.2')" >
        error</a>

    <div id='div_ft1.2' class="popup_window">
        <div style='text-align: right;cursor:pointer'>
        <a onfocus='this.blur();' onclick="document.getElementById('div_ft1.2').style.display = 'none' " >
           [x]</a>
        </div>
        <pre>
        
ft1.2: [2018-09-21 16:38:44.242842] INFO: appium: 当前模块 开始从配置文件中获取测试相关的配置
[2018-09-21 16:38:44.242842] INFO: appium: 全部kwargs参数信息 , {}
[2018-09-21 16:39:30.334195] INFO: appium: reg测试用例开始执行
[2018-09-21 16:39:30.334695] INFO: appium: 当前模块 注册测试
[2018-09-21 16:39:30.334695] INFO: appium: 全部kwargs参数信息 , {'deriver': &lt;appium.webdriver.webdriver.WebDriver (session="1d81929c-4ac2-400a-8ecc-4faf249857ff")&gt;}
[2018-09-21 16:39:30.335195] INFO: appium: 当前模块 解析测试步骤
[2018-09-21 16:39:30.335195] INFO: appium: 全部kwargs参数信息 , {'path': 'C:\\Users\\Administrator\\Desktop\\xuesheng\\appium-python3\\data\\dingwei\\reg.yaml'}
[2018-09-21 16:39:30.335195] INFO: appium: 当前模块 解析yaml文件
[2018-09-21 16:39:30.335695] INFO: appium: 全部kwargs参数信息 , {'path': 'C:\\Users\\Administrator\\Desktop\\xuesheng\\appium-python3\\data\\dingwei\\reg.yaml'}
[2018-09-21 16:39:30.346196] INFO: appium: 测试用例执行完毕，测试环境正在还原！
Traceback (most recent call last):
  File "C:\Users\Administrator\Desktop\xuesheng\appium-python3\testcase\regcasetest.py", line 32, in tearDown
    self.deriver.quit()
  File "C:\Users\Administrator\AppData\Local\Programs\Python\Python36\lib\site-packages\selenium\webdriver\remote\webdriver.py", line 689, in quit
    self.execute(Command.QUIT)
  File "C:\Users\Administrator\AppData\Local\Programs\Python\Python36\lib\site-packages\selenium\webdriver\remote\webdriver.py", line 312, in execute
    self.error_handler.check_response(response)
  File "C:\Users\Administrator\AppData\Local\Programs\Python\Python36\lib\site-packages\appium\webdriver\errorhandler.py", line 29, in check_response
    raise wde
  File "C:\Users\Administrator\AppData\Local\Programs\Python\Python36\lib\site-packages\appium\webdriver\errorhandler.py", line 24, in check_response
    super(MobileErrorHandler, self).check_response(response)
  File "C:\Users\Administrator\AppData\Local\Programs\Python\Python36\lib\site-packages\selenium\webdriver\remote\errorhandler.py", line 237, in check_response
    raise exception_class(message, screen, stacktrace)
selenium.common.exceptions.WebDriverException: Message: A session is either terminated or not started



        </pre>
    </div>
    <!--css div popup end-->

    </td>
</tr>

<tr id='ft1.3' class='none'>
    <td class='text text-warning'><div class='testcase'>testreg_2: reg测试</div></td>
    <td colspan='5' align='center'>

    <!--css div popup start-->
    <a class="popup_link btn btn-xs btn-default" onfocus='this.blur();' href="javascript:showTestDetail('div_ft1.3')" >
        error</a>

    <div id='div_ft1.3' class="popup_window">
        <div style='text-align: right;cursor:pointer'>
        <a onfocus='this.blur();' onclick="document.getElementById('div_ft1.3').style.display = 'none' " >
           [x]</a>
        </div>
        <pre>
        
ft1.3: [2018-09-21 16:39:45.352102] INFO: appium: 当前模块 开始从配置文件中获取测试相关的配置
[2018-09-21 16:39:45.352102] INFO: appium: 全部kwargs参数信息 , {}
[2018-09-21 16:40:28.602594] INFO: appium: reg测试用例开始执行
[2018-09-21 16:40:28.603094] INFO: appium: 当前模块 注册测试
[2018-09-21 16:40:28.603094] INFO: appium: 全部kwargs参数信息 , {'deriver': &lt;appium.webdriver.webdriver.WebDriver (session="ca62582e-9921-4faa-b3ef-edce507d7210")&gt;}
[2018-09-21 16:40:28.603094] INFO: appium: 当前模块 解析测试步骤
[2018-09-21 16:40:28.603594] INFO: appium: 全部kwargs参数信息 , {'path': 'C:\\Users\\Administrator\\Desktop\\xuesheng\\appium-python3\\data\\dingwei\\reg.yaml'}
[2018-09-21 16:40:28.603594] INFO: appium: 当前模块 解析yaml文件
[2018-09-21 16:40:28.603594] INFO: appium: 全部kwargs参数信息 , {'path': 'C:\\Users\\Administrator\\Desktop\\xuesheng\\appium-python3\\data\\dingwei\\reg.yaml'}
[2018-09-21 16:40:28.614595] INFO: appium: 测试用例执行完毕，测试环境正在还原！
Traceback (most recent call last):
  File "C:\Users\Administrator\AppData\Roaming\Python\Python36\site-packages\ddt.py", line 139, in wrapper
    return func(self, *args, **kwargs)
  File "C:\Users\Administrator\Desktop\xuesheng\appium-python3\testcase\regcasetest.py", line 37, in testreg
    self.assertuen=regfun.reg(**data_test)
  File "C:\Users\Administrator\Desktop\xuesheng\appium-python3\funtions\regpub.py", line 23, in reg
    f=self.open.exce_case(**kwargs)
  File "C:\Users\Administrator\Desktop\xuesheng\appium-python3\excetfuntion\exectfuntion.py", line 23, in exce_case
    f[int(data[i]['index'])].click()
TypeError: 'WebDriverException' object does not support indexing


        </pre>
    </div>
    <!--css div popup end-->

    </td>
</tr>

<tr id='ft1.4' class='none'>
    <td class='text text-warning'><div class='testcase'>testreg_2: reg测试</div></td>
    <td colspan='5' align='center'>

    <!--css div popup start-->
    <a class="popup_link btn btn-xs btn-default" onfocus='this.blur();' href="javascript:showTestDetail('div_ft1.4')" >
        error</a>

    <div id='div_ft1.4' class="popup_window">
        <div style='text-align: right;cursor:pointer'>
        <a onfocus='this.blur();' onclick="document.getElementById('div_ft1.4').style.display = 'none' " >
           [x]</a>
        </div>
        <pre>
        
ft1.4: [2018-09-21 16:39:45.352102] INFO: appium: 当前模块 开始从配置文件中获取测试相关的配置
[2018-09-21 16:39:45.352102] INFO: appium: 全部kwargs参数信息 , {}
[2018-09-21 16:40:28.602594] INFO: appium: reg测试用例开始执行
[2018-09-21 16:40:28.603094] INFO: appium: 当前模块 注册测试
[2018-09-21 16:40:28.603094] INFO: appium: 全部kwargs参数信息 , {'deriver': &lt;appium.webdriver.webdriver.WebDriver (session="ca62582e-9921-4faa-b3ef-edce507d7210")&gt;}
[2018-09-21 16:40:28.603094] INFO: appium: 当前模块 解析测试步骤
[2018-09-21 16:40:28.603594] INFO: appium: 全部kwargs参数信息 , {'path': 'C:\\Users\\Administrator\\Desktop\\xuesheng\\appium-python3\\data\\dingwei\\reg.yaml'}
[2018-09-21 16:40:28.603594] INFO: appium: 当前模块 解析yaml文件
[2018-09-21 16:40:28.603594] INFO: appium: 全部kwargs参数信息 , {'path': 'C:\\Users\\Administrator\\Desktop\\xuesheng\\appium-python3\\data\\dingwei\\reg.yaml'}
[2018-09-21 16:40:28.614595] INFO: appium: 测试用例执行完毕，测试环境正在还原！
Traceback (most recent call last):
  File "C:\Users\Administrator\Desktop\xuesheng\appium-python3\testcase\regcasetest.py", line 32, in tearDown
    self.deriver.quit()
  File "C:\Users\Administrator\AppData\Local\Programs\Python\Python36\lib\site-packages\selenium\webdriver\remote\webdriver.py", line 689, in quit
    self.execute(Command.QUIT)
  File "C:\Users\Administrator\AppData\Local\Programs\Python\Python36\lib\site-packages\selenium\webdriver\remote\webdriver.py", line 312, in execute
    self.error_handler.check_response(response)
  File "C:\Users\Administrator\AppData\Local\Programs\Python\Python36\lib\site-packages\appium\webdriver\errorhandler.py", line 29, in check_response
    raise wde
  File "C:\Users\Administrator\AppData\Local\Programs\Python\Python36\lib\site-packages\appium\webdriver\errorhandler.py", line 24, in check_response
    super(MobileErrorHandler, self).check_response(response)
  File "C:\Users\Administrator\AppData\Local\Programs\Python\Python36\lib\site-packages\selenium\webdriver\remote\errorhandler.py", line 237, in check_response
    raise exception_class(message, screen, stacktrace)
selenium.common.exceptions.WebDriverException: Message: A session is either terminated or not started



        </pre>
    </div>
    <!--css div popup end-->

    </td>
</tr>

<tr id='ft1.5' class='none'>
    <td class='text text-warning'><div class='testcase'>testreg_3: reg测试</div></td>
    <td colspan='5' align='center'>

    <!--css div popup start-->
    <a class="popup_link btn btn-xs btn-default" onfocus='this.blur();' href="javascript:showTestDetail('div_ft1.5')" >
        error</a>

    <div id='div_ft1.5' class="popup_window">
        <div style='text-align: right;cursor:pointer'>
        <a onfocus='this.blur();' onclick="document.getElementById('div_ft1.5').style.display = 'none' " >
           [x]</a>
        </div>
        <pre>
        
ft1.5: [2018-09-21 16:40:43.619501] INFO: appium: 当前模块 开始从配置文件中获取测试相关的配置
[2018-09-21 16:40:43.619501] INFO: appium: 全部kwargs参数信息 , {}
[2018-09-21 16:41:26.795483] INFO: appium: reg测试用例开始执行
[2018-09-21 16:41:26.795983] INFO: appium: 当前模块 注册测试
[2018-09-21 16:41:26.795983] INFO: appium: 全部kwargs参数信息 , {'deriver': &lt;appium.webdriver.webdriver.WebDriver (session="57ccab8e-d16e-4552-8afe-c2e09412b343")&gt;}
[2018-09-21 16:41:26.796484] INFO: appium: 当前模块 解析测试步骤
[2018-09-21 16:41:26.796484] INFO: appium: 全部kwargs参数信息 , {'path': 'C:\\Users\\Administrator\\Desktop\\xuesheng\\appium-python3\\data\\dingwei\\reg.yaml'}
[2018-09-21 16:41:26.796484] INFO: appium: 当前模块 解析yaml文件
[2018-09-21 16:41:26.796484] INFO: appium: 全部kwargs参数信息 , {'path': 'C:\\Users\\Administrator\\Desktop\\xuesheng\\appium-python3\\data\\dingwei\\reg.yaml'}
[2018-09-21 16:41:27.273544] INFO: appium: 测试用例执行完毕，测试环境正在还原！
Traceback (most recent call last):
  File "C:\Users\Administrator\AppData\Roaming\Python\Python36\site-packages\ddt.py", line 139, in wrapper
    return func(self, *args, **kwargs)
  File "C:\Users\Administrator\Desktop\xuesheng\appium-python3\testcase\regcasetest.py", line 37, in testreg
    self.assertuen=regfun.reg(**data_test)
  File "C:\Users\Administrator\Desktop\xuesheng\appium-python3\funtions\regpub.py", line 23, in reg
    f=self.open.exce_case(**kwargs)
  File "C:\Users\Administrator\Desktop\xuesheng\appium-python3\excetfuntion\exectfuntion.py", line 23, in exce_case
    f[int(data[i]['index'])].click()
IndexError: list index out of range


        </pre>
    </div>
    <!--css div popup end-->

    </td>
</tr>

    </tbody>
    <tfoot>
        <tr id='total_row'>
            <td>Total</td>
            <td>5</td>
            <td class="text text-success">0</td>
            <td class="text text-danger">0</td>
            <td class="text text-warning">5</td>
            <td>&nbsp;</td>
        </tr>
    </tfoot>
</table>

    <div id='ending'>&nbsp;</div>
</div>

</body>
</html>
1.6' class="popup_window">
        <div style='text-align: right;cursor:pointer'>
        <a onfocus='this.blur();' onclick="document.getElementById('div_ft1.6').style.display = 'none' " >
           [x]</a>
        </div>
        <pre>
        
ft1.6: [2018-09-21 16:40:14.663324] INFO: appium: 当前模块 开始从配置文件中获取测试相关的配置
[2018-09-21 16:40:14.663824] INFO: appium: 全部kwargs参数信息 , {}
[2018-09-21 16:40:57.593775] INFO: appium: reg测试用例开始执行
[2018-09-21 16:40:57.594275] INFO: appium: 当前模块 注册测试
[2018-09-21 16:40:57.594275] INFO: appium: 全部kwargs参数信息 , {'deriver': &lt;appium.webdriver.webdriver.WebDriver (session="2ddabcf7-1986-4e70-ba70-1f53feb7b54f")&gt;}
[2018-09-21 16:40:57.594275] INFO: appium: 当前模块 解析测试步骤
[2018-09-21 16:40:57.594275] INFO: appium: 全部kwargs参数信息 , {'path': 'C:\\Users\\Administrator\\Desktop\\xuesheng\\appium-python3\\data\\dingwei\\reg.yaml'}
[2018-09-21 16:40:57.594775] INFO: appium: 当前模块 解析yaml文件
[2018-09-21 16:40:57.594775] INFO: appium: 全部kwargs参数信息 , {'path': 'C:\\Users\\Administrator\\Desktop\\xuesheng\\appium-python3\\data\\dingwei\\reg.yaml'}
[2018-09-21 16:40:57.605277] INFO: appium: 测试用例执行完毕，测试环境正在还原！
Traceback (most recent call last):
  File "C:\Users\Administrator\Desktop\xuesheng\appium-python3\testcase\regcasetest.py", line 32, in tearDown
    self.deriver.quit()
  File "C:\Users\Administrator\AppData\Local\Programs\Python\Python36\lib\site-packages\selenium\webdriver\remote\webdriver.py", line 689, in quit
    self.execute(Command.QUIT)
  File "C:\Users\Administrator\AppData\Local\Programs\Python\Python36\lib\site-packages\selenium\webdriver\remote\webdriver.py", line 312, in execute
    self.error_handler.check_response(response)
  File "C:\Users\Administrator\AppData\Local\Programs\Python\Python36\lib\site-packages\appium\webdriver\errorhandler.py", line 29, in check_response
    raise wde
  File "C:\Users\Administrator\AppData\Local\Programs\Python\Python36\lib\site-packages\appium\webdriver\errorhandler.py", line 24, in check_response
    super(MobileErrorHandler, self).check_response(response)
  File "C:\Users\Administrator\AppData\Local\Programs\Python\Python36\lib\site-packages\selenium\webdriver\remote\errorhandler.py", line 237, in check_response
    raise exception_class(message, screen, stacktrace)
selenium.common.exceptions.WebDriverException: Message: A session is either terminated or not started



        </pre>
    </div>
    <!--css div popup end-->

    </td>
</tr>

    </tbody>
    <tfoot>
        <tr id='total_row'>
            <td>Total</td>
            <td>6</td>
            <td class="text text-success">0</td>
            <td class="text text-danger">0</td>
            <td class="text text-warning">6</td>
            <td>&nbsp;</td>
        </tr>
    </tfoot>
</table>

    <div id='ending'>&nbsp;</div>
</div>

</body>
</html>
